This is pdfTeX, Version 3.14159265-2.6-1.40.20 (MiKTeX 2.9.7200 64-bit) (preloaded format=pdflatex 2019.10.16)  21 DEC 2019 11:58
entering extended mode
**"c:/Users/Chris/Documents/MATH 20C/TexProjects/Week4/Week 4.tex"
("c:/Users/Chris/Documents/MATH 20C/TexProjects/Week4/Week 4.tex"
LaTeX2e <2019-10-01>
("C:\Program Files\MiKTeX 2.9\tex/latex/base\article.cls"
Document Class: article 2019/08/27 v1.4j Standard LaTeX document class
("C:\Program Files\MiKTeX 2.9\tex/latex/base\size10.clo"
File: size10.clo 2019/08/27 v1.4j Standard LaTeX file (size option)
)
\c@part=\count80
\c@section=\count81
\c@subsection=\count82
\c@subsubsection=\count83
\c@paragraph=\count84
\c@subparagraph=\count85
\c@figure=\count86
\c@table=\count87
\abovecaptionskip=\skip41
\belowcaptionskip=\skip42
\bibindent=\dimen102
) ("C:\Program Files\MiKTeX 2.9\tex/latex/base\inputenc.sty"
Package: inputenc 2018/08/11 v1.3c Input encoding file
\inpenc@prehook=\toks14
\inpenc@posthook=\toks15
) ("C:\Program Files\MiKTeX 2.9\tex/latex/natbib\natbib.sty"
Package: natbib 2010/09/13 8.31b (PWD, AO)
\bibhang=\skip43
\bibsep=\skip44
LaTeX Info: Redefining \cite on input line 694.
\c@NAT@ctr=\count88
) ("C:\Program Files\MiKTeX 2.9\tex/latex/graphics\graphicx.sty"
Package: graphicx 2017/06/01 v1.1a Enhanced LaTeX Graphics (DPC,SPQR)
 ("C:\Program Files\MiKTeX 2.9\tex/latex/graphics\keyval.sty"
Package: keyval 2014/10/28 v1.15 key=value parser (DPC)
\KV@toks@=\toks16
) ("C:\Program Files\MiKTeX 2.9\tex/latex/graphics\graphics.sty"
Package: graphics 2019/07/20 v1.3b Standard LaTeX Graphics (DPC,SPQR)
 ("C:\Program Files\MiKTeX 2.9\tex/latex/graphics\trig.sty"
Package: trig 2016/01/03 v1.10 sin cos tan (DPC)
) ("C:\Program Files\MiKTeX 2.9\tex/latex/graphics-cfg\graphics.cfg"
File: graphics.cfg 2016/06/04 v1.11 sample graphics configuration
)
Package graphics Info: Driver file: pdftex.def on input line 105.
 ("C:\Program Files\MiKTeX 2.9\tex/latex/graphics-def\pdftex.def"
File: pdftex.def 2018/01/08 v1.0l Graphics/color driver for pdftex
))
\Gin@req@height=\dimen103
\Gin@req@width=\dimen104
) ("C:\Program Files\MiKTeX 2.9\tex/latex/was\gensymb.sty"
Package: gensymb 2003/07/02 v1.0 (WaS)
) ("C:\Program Files\MiKTeX 2.9\tex/latex/amsmath\amsmath.sty"
Package: amsmath 2019/04/01 v2.17c AMS math features
\@mathmargin=\skip45

For additional information on amsmath, use the `?' option.
("C:\Program Files\MiKTeX 2.9\tex/latex/amsmath\amstext.sty"
Package: amstext 2000/06/29 v2.01 AMS text
 ("C:\Program Files\MiKTeX 2.9\tex/latex/amsmath\amsgen.sty"
File: amsgen.sty 1999/11/30 v2.0 generic functions
\@emptytoks=\toks17
\ex@=\dimen105
)) ("C:\Program Files\MiKTeX 2.9\tex/latex/amsmath\amsbsy.sty"
Package: amsbsy 1999/11/29 v1.2d Bold Symbols
\pmbraise@=\dimen106
) ("C:\Program Files\MiKTeX 2.9\tex/latex/amsmath\amsopn.sty"
Package: amsopn 2016/03/08 v2.02 operator names
)
\inf@bad=\count89
LaTeX Info: Redefining \frac on input line 227.
\uproot@=\count90
\leftroot@=\count91
LaTeX Info: Redefining \overline on input line 389.
\classnum@=\count92
\DOTSCASE@=\count93
LaTeX Info: Redefining \ldots on input line 486.
LaTeX Info: Redefining \dots on input line 489.
LaTeX Info: Redefining \cdots on input line 610.
\Mathstrutbox@=\box27
\strutbox@=\box28
\big@size=\dimen107
LaTeX Font Info:    Redeclaring font encoding OML on input line 733.
LaTeX Font Info:    Redeclaring font encoding OMS on input line 734.
\macc@depth=\count94
\c@MaxMatrixCols=\count95
\dotsspace@=\muskip10
\c@parentequation=\count96
\dspbrk@lvl=\count97
\tag@help=\toks18
\row@=\count98
\column@=\count99
\maxfields@=\count100
\andhelp@=\toks19
\eqnshift@=\dimen108
\alignsep@=\dimen109
\tagshift@=\dimen110
\tagwidth@=\dimen111
\totwidth@=\dimen112
\lineht@=\dimen113
\@envbody=\toks20
\multlinegap=\skip46
\multlinetaggap=\skip47
\mathdisplay@stack=\toks21
LaTeX Info: Redefining \[ on input line 2855.
LaTeX Info: Redefining \] on input line 2856.
) ("C:\Program Files\MiKTeX 2.9\tex/latex/amsfonts\amssymb.sty"
Package: amssymb 2013/01/14 v3.01 AMS font symbols
 ("C:\Program Files\MiKTeX 2.9\tex/latex/amsfonts\amsfonts.sty"
Package: amsfonts 2013/01/14 v3.01 Basic AMSFonts support
\symAMSa=\mathgroup4
\symAMSb=\mathgroup5
LaTeX Font Info:    Redeclaring math symbol \hbar on input line 98.
LaTeX Font Info:    Overwriting math alphabet `\mathfrak' in version `bold'
(Font)                  U/euf/m/n --> U/euf/b/n on input line 106.
)) ("C:\Program Files\MiKTeX 2.9\tex/latex/diffcoeff\diffcoeff.sty" ("C:\Program Files\MiKTeX 2.9\tex/latex/l3kernel\expl3.sty"
Package: expl3 2019-10-14 L3 programming layer (loader) 
 ("C:\Program Files\MiKTeX 2.9\tex/latex/l3kernel\expl3-code.tex"
Package: expl3 2019-10-14 L3 programming layer (code)
\c_max_int=\count101
\l_tmpa_int=\count102
\l_tmpb_int=\count103
\g_tmpa_int=\count104
\g_tmpb_int=\count105
\l__seq_internal_a_int=\count106
\l__seq_internal_b_int=\count107
\g__kernel_prg_map_int=\count108
\c__ior_term_noprompt_ior=\count109
\c_log_iow=\count110
\l_iow_line_count_int=\count111
\l__iow_line_target_int=\count112
\l__iow_one_indent_int=\count113
\l__iow_indent_int=\count114
\c_zero_dim=\dimen114
\c_max_dim=\dimen115
\l_tmpa_dim=\dimen116
\l_tmpb_dim=\dimen117
\g_tmpa_dim=\dimen118
\g_tmpb_dim=\dimen119
\c_zero_skip=\skip48
\c_max_skip=\skip49
\l_tmpa_skip=\skip50
\l_tmpb_skip=\skip51
\g_tmpa_skip=\skip52
\g_tmpb_skip=\skip53
\c_zero_muskip=\muskip11
\c_max_muskip=\muskip12
\l_tmpa_muskip=\muskip13
\l_tmpb_muskip=\muskip14
\g_tmpa_muskip=\muskip15
\g_tmpb_muskip=\muskip16
\l_keys_choice_int=\count115
\l__intarray_loop_int=\count116
\c__intarray_sp_dim=\dimen120
\g__intarray_font_int=\count117
\c__fp_leading_shift_int=\count118
\c__fp_middle_shift_int=\count119
\c__fp_trailing_shift_int=\count120
\c__fp_big_leading_shift_int=\count121
\c__fp_big_middle_shift_int=\count122
\c__fp_big_trailing_shift_int=\count123
\c__fp_Bigg_leading_shift_int=\count124
\c__fp_Bigg_middle_shift_int=\count125
\c__fp_Bigg_trailing_shift_int=\count126
\c__kernel_randint_max_int=\count127
\g__fp_array_int=\count128
\l__fp_array_loop_int=\count129
\l__sort_length_int=\count130
\l__sort_min_int=\count131
\l__sort_top_int=\count132
\l__sort_max_int=\count133
\l__sort_true_max_int=\count134
\l__sort_block_int=\count135
\l__sort_begin_int=\count136
\l__sort_end_int=\count137
\l__sort_A_int=\count138
\l__sort_B_int=\count139
\l__sort_C_int=\count140
\l__str_internal_int=\count141
\c__str_replacement_char_int=\count142
\l__tl_analysis_normal_int=\count143
\l__tl_analysis_index_int=\count144
\l__tl_analysis_nesting_int=\count145
\l__tl_analysis_type_int=\count146
\l__regex_internal_a_int=\count147
\l__regex_internal_b_int=\count148
\l__regex_internal_c_int=\count149
\l__regex_balance_int=\count150
\l__regex_group_level_int=\count151
\l__regex_mode_int=\count152
\c__regex_cs_in_class_mode_int=\count153
\c__regex_cs_mode_int=\count154
\l__regex_catcodes_int=\count155
\l__regex_default_catcodes_int=\count156
\c__regex_catcode_D_int=\count157
\c__regex_catcode_S_int=\count158
\c__regex_catcode_L_int=\count159
\c__regex_catcode_O_int=\count160
\c__regex_catcode_A_int=\count161
\c__regex_all_catcodes_int=\count162
\l__regex_show_lines_int=\count163
\l__regex_min_state_int=\count164
\l__regex_max_state_int=\count165
\l__regex_left_state_int=\count166
\l__regex_right_state_int=\count167
\l__regex_capturing_group_int=\count168
\l__regex_min_pos_int=\count169
\l__regex_max_pos_int=\count170
\l__regex_curr_pos_int=\count171
\l__regex_start_pos_int=\count172
\l__regex_success_pos_int=\count173
\l__regex_curr_char_int=\count174
\l__regex_curr_catcode_int=\count175
\l__regex_last_char_int=\count176
\l__regex_case_changed_char_int=\count177
\l__regex_curr_state_int=\count178
\l__regex_step_int=\count179
\l__regex_min_active_int=\count180
\l__regex_max_active_int=\count181
\l__regex_replacement_csnames_int=\count182
\l__regex_match_count_int=\count183
\l__regex_min_submatch_int=\count184
\l__regex_submatch_int=\count185
\l__regex_zeroth_submatch_int=\count186
\g__regex_trace_regex_int=\count187
\c_empty_box=\box29
\l_tmpa_box=\box30
\l_tmpb_box=\box31
\g_tmpa_box=\box32
\g_tmpb_box=\box33
\l__box_top_dim=\dimen121
\l__box_bottom_dim=\dimen122
\l__box_left_dim=\dimen123
\l__box_right_dim=\dimen124
\l__box_top_new_dim=\dimen125
\l__box_bottom_new_dim=\dimen126
\l__box_left_new_dim=\dimen127
\l__box_right_new_dim=\dimen128
\l__box_internal_box=\box34
\l__coffin_internal_box=\box35
\l__coffin_internal_dim=\dimen129
\l__coffin_offset_x_dim=\dimen130
\l__coffin_offset_y_dim=\dimen131
\l__coffin_x_dim=\dimen132
\l__coffin_y_dim=\dimen133
\l__coffin_x_prime_dim=\dimen134
\l__coffin_y_prime_dim=\dimen135
\c_empty_coffin=\box36
\l__coffin_aligned_coffin=\box37
\l__coffin_aligned_internal_coffin=\box38
\l_tmpa_coffin=\box39
\l_tmpb_coffin=\box40
\g_tmpa_coffin=\box41
\g_tmpb_coffin=\box42
\l__coffin_bounding_shift_dim=\dimen136
\l__coffin_left_corner_dim=\dimen137
\l__coffin_right_corner_dim=\dimen138
\l__coffin_bottom_corner_dim=\dimen139
\l__coffin_top_corner_dim=\dimen140
\l__coffin_scaled_total_height_dim=\dimen141
\l__coffin_scaled_width_dim=\dimen142
\c__coffin_empty_coffin=\box43
\l__coffin_display_coffin=\box44
\l__coffin_display_coord_coffin=\box45
\l__coffin_display_pole_coffin=\box46
\l__coffin_display_offset_dim=\dimen143
\l__coffin_display_x_dim=\dimen144
\l__coffin_display_y_dim=\dimen145
\g__char_data_ior=\read1
 ("C:\Program Files\MiKTeX 2.9\tex/latex/l3kernel\l3deprecation.def"
File: l3deprecation.def 2019-04-06 v L3 Deprecated functions
)) ("C:\Program Files\MiKTeX 2.9\tex/latex/l3backend\l3backend-pdfmode.def"
File: l3backend-pdfmode.def 2019-04-06 L3 backend support: PDF mode
\l__kernel_color_stack_int=\count188
\l__pdf_internal_box=\box47
)) ("C:\Program Files\MiKTeX 2.9\tex/latex/l3packages/xparse\xparse.sty"
Package: xparse 2019-10-11 L3 Experimental document command parser
\l__xparse_current_arg_int=\count189
\g__xparse_grabber_int=\count190
\l__xparse_m_args_int=\count191
\l__xparse_v_nesting_int=\count192
) ("C:\Program Files\MiKTeX 2.9\tex/latex/l3packages/l3keys2e\l3keys2e.sty"
Package: l3keys2e 2019-10-11 LaTeX2e option processing using LaTeX3 keys
) ("C:\Program Files\MiKTeX 2.9\tex/latex/l3packages/xtemplate\xtemplate.sty"
Package: xtemplate 2019-10-11 L3 Experimental prototype document functions
\l__xtemplate_tmp_dim=\dimen146
\l__xtemplate_tmp_int=\count193
\l__xtemplate_tmp_muskip=\muskip17
\l__xtemplate_tmp_skip=\skip54
)
Package: diffcoeff 2019/03/10 v3.1 Write differential coefficients consistently and easily.
\l__diffcoeff_vars_int=\count194
\l__diffcoeff_format_int=\count195
\l__diffcoeff_curr_tok_int=\count196
\l__diffcoeff_curr_state_int=\count197
\l__diffcoeff_nos_int=\count198
\l__diffcoeff_parenvar_int=\count199

Package xtemplate Info: Declaring object type 'derivative' taking 5
(xtemplate)             argument(s) on line 57.

\l__diffcoeff_oporder_muskip=\muskip18
\l__diffcoeff_opnudge_muskip=\muskip19
\l__diffcoeff_varsep_muskip=\muskip20
\l__diffcoeff_sep_adj_muskip=\muskip21
\l__diffcoeff_elbowrm_muskip=\muskip22
\l__diffcoeff_subnudge_muskip=\muskip23
\l_tmpc_muskip=\muskip24
\l_tmpd_muskip=\muskip25
) ("c:/Users\Chris\Documents\MATH 20C\TexProjects\Week4\Week 4.aux")
\openout1 = `"Week 4.aux"'.

LaTeX Font Info:    Checking defaults for OML/cmm/m/it on input line 18.
LaTeX Font Info:    ... okay on input line 18.
LaTeX Font Info:    Checking defaults for T1/cmr/m/n on input line 18.
LaTeX Font Info:    ... okay on input line 18.
LaTeX Font Info:    Checking defaults for OT1/cmr/m/n on input line 18.
LaTeX Font Info:    ... okay on input line 18.
LaTeX Font Info:    Checking defaults for OMS/cmsy/m/n on input line 18.
LaTeX Font Info:    ... okay on input line 18.
LaTeX Font Info:    Checking defaults for OMX/cmex/m/n on input line 18.
LaTeX Font Info:    ... okay on input line 18.
LaTeX Font Info:    Checking defaults for U/cmr/m/n on input line 18.
LaTeX Font Info:    ... okay on input line 18.
 ("C:\Program Files\MiKTeX 2.9\tex/context/base/mkii\supp-pdf.mkii"
[Loading MPS to PDF converter (version 2006.09.02).]
\scratchcounter=\count266
\scratchdimen=\dimen147
\scratchbox=\box48
\nofMPsegments=\count267
\nofMParguments=\count268
\everyMPshowfont=\toks22
\MPscratchCnt=\count269
\MPscratchDim=\dimen148
\MPnumerator=\count270
\makeMPintoPDFobject=\count271
\everyMPtoPDFconversion=\toks23
) ("C:\Program Files\MiKTeX 2.9\tex/latex/oberdiek\epstopdf-base.sty"
Package: epstopdf-base 2016/05/15 v2.6 Base part for package epstopdf
 ("C:\Program Files\MiKTeX 2.9\tex/generic/oberdiek\infwarerr.sty"
Package: infwarerr 2016/05/16 v1.4 Providing info/warning/error messages (HO)
) ("C:\Program Files\MiKTeX 2.9\tex/latex/oberdiek\grfext.sty"
Package: grfext 2016/05/16 v1.2 Manage graphics extensions (HO)
 ("C:\Program Files\MiKTeX 2.9\tex/generic/oberdiek\kvdefinekeys.sty"
Package: kvdefinekeys 2016/05/16 v1.4 Define keys (HO)
 ("C:\Program Files\MiKTeX 2.9\tex/generic/oberdiek\ltxcmds.sty"
Package: ltxcmds 2016/05/16 v1.23 LaTeX kernel commands for general use (HO)
))) ("C:\Program Files\MiKTeX 2.9\tex/latex/oberdiek\kvoptions.sty"
Package: kvoptions 2016/05/16 v3.12 Key value format for package options (HO)
 ("C:\Program Files\MiKTeX 2.9\tex/generic/oberdiek\kvsetkeys.sty"
Package: kvsetkeys 2016/05/16 v1.17 Key value parser (HO)
 ("C:\Program Files\MiKTeX 2.9\tex/generic/oberdiek\etexcmds.sty"
Package: etexcmds 2016/05/16 v1.6 Avoid name clashes with e-TeX commands (HO)
 ("C:\Program Files\MiKTeX 2.9\tex/generic/oberdiek\ifluatex.sty"
Package: ifluatex 2016/05/16 v1.4 Provides the ifluatex switch (HO)
Package ifluatex Info: LuaTeX not detected.
)))) ("C:\Program Files\MiKTeX 2.9\tex/generic/oberdiek\pdftexcmds.sty"
Package: pdftexcmds 2019/07/25 v0.30 Utility functions of pdfTeX for LuaTeX (HO)
 ("C:\Program Files\MiKTeX 2.9\tex/generic/oberdiek\ifpdf.sty"
Package: ifpdf 2018/09/07 v3.3 Provides the ifpdf switch
)
Package pdftexcmds Info: LuaTeX not detected.
Package pdftexcmds Info: \pdf@primitive is available.
Package pdftexcmds Info: \pdf@ifprimitive is available.
Package pdftexcmds Info: \pdfdraftmode found.
)
Package epstopdf-base Info: Redefining graphics rule for `.eps' on input line 438.
Package grfext Info: Graphics extension search list:
(grfext)             [.pdf,.png,.jpg,.mps,.jpeg,.jbig2,.jb2,.PDF,.PNG,.JPG,.JPEG,.JBIG2,.JB2,.eps]
(grfext)             \AppendGraphicsExtensions on input line 456.
)
LaTeX Info: Redefining \celsius on input line 18.
Package gensymb Info: Faking symbols for \degree and \celsius on input line 18.


Package gensymb Warning: Not defining \perthousand.

LaTeX Info: Redefining \ohm on input line 18.
Package gensymb Info: Using \Omega for \ohm on input line 18.

Package gensymb Warning: Not defining \micro.

LaTeX Font Info:    Trying to load font information for U+msa on input line 20.
("C:\Program Files\MiKTeX 2.9\tex/latex/amsfonts\umsa.fd"
File: umsa.fd 2013/01/14 v3.01 AMS symbols A
)
LaTeX Font Info:    Trying to load font information for U+msb on input line 20.
 ("C:\Program Files\MiKTeX 2.9\tex/latex/amsfonts\umsb.fd"
File: umsb.fd 2013/01/14 v3.01 AMS symbols B
)
<./images/pineapple.jpg, id=1, 903.375pt x 507.8975pt>
File: ./images/pineapple.jpg Graphic file (type jpg)
<use ./images/pineapple.jpg>
Package pdftex.def Info: ./images/pineapple.jpg  used on input line 27.
(pdftex.def)             Requested size: 225.8432pt x 126.97406pt.
 [1

{C:/Users/Chris/AppData/Local/MiKTeX/2.9/pdftex/config/pdftex.map} <./images/pineapple.jpg>]
<images/parametric.png, id=10, 225.84375pt x 182.18062pt>
File: images/parametric.png Graphic file (type png)
<use images/parametric.png>
Package pdftex.def Info: images/parametric.png  used on input line 43.
(pdftex.def)             Requested size: 112.92159pt x 91.09007pt.
<./images/unitCircle.jpg, id=11, 481.8pt x 481.8pt>
File: ./images/unitCircle.jpg Graphic file (type jpg)
<use ./images/unitCircle.jpg>
Package pdftex.def Info: ./images/unitCircle.jpg  used on input line 53.
(pdftex.def)             Requested size: 120.44969pt x 120.44969pt.
 [2 <c:/Users/Chris/Documents/MATH 20C/TexProjects/Week4/images/parametric.png> <./images/unitCircle.jpg>]
<./images/line.png, id=21, 481.04718pt x 282.30469pt>
File: ./images/line.png Graphic file (type png)
<use ./images/line.png>
Package pdftex.def Info: ./images/line.png  used on input line 77.
(pdftex.def)             Requested size: 240.523pt x 141.152pt.
 [3 <./images/line.png>]
<./images/spiral.jpg, id=27, 338.76563pt x 216.81pt>
File: ./images/spiral.jpg Graphic file (type jpg)
<use ./images/spiral.jpg>
Package pdftex.def Info: ./images/spiral.jpg  used on input line 87.
(pdftex.def)             Requested size: 169.38239pt x 108.40472pt.
 [4 <./images/spiral.jpg>]
LaTeX Font Info:    Trying to load font information for OMS+cmr on input line 142.
 ("C:\Program Files\MiKTeX 2.9\tex/latex/base\omscmr.fd"
File: omscmr.fd 2014/09/29 v2.5h Standard LaTeX font definitions
)
LaTeX Font Info:    Font shape `OMS/cmr/m/n' in size <10> not available
(Font)              Font shape `OMS/cmsy/m/n' tried instead on input line 142.
 [5]
c:/Users/Chris/Documents/MATH 20C/TexProjects/Week4/Week 4.tex:183: Undefined control sequence.
l.183 \end{bmatrix}}^{\mbox{2x2}}\qquadB
                                        =\overbrace{\begin{bmatrix}
The control sequence at the end of the top line
of your error message was never \def'ed. If you have
misspelled it (e.g., `\hobx'), type `I' and the correct
spelling (e.g., `I\hbox'). Otherwise just continue,
and I'll forget about whatever was undefined.

[6]
c:/Users/Chris/Documents/MATH 20C/TexProjects/Week4/Week 4.tex:218: Undefined control sequence.
l.218 \end{bmatrix}\qquadB
                          =\begin{bmatrix}
The control sequence at the end of the top line
of your error message was never \def'ed. If you have
misspelled it (e.g., `\hobx'), type `I' and the correct
spelling (e.g., `I\hbox'). Otherwise just continue,
and I'll forget about whatever was undefined.

c:/Users/Chris/Documents/MATH 20C/TexProjects/Week4/Week 4.tex:233: Undefined control sequence.
l.233 \end{bmatrix}\qquadD
                          =\begin{bmatrix}
The control sequence at the end of the top line
of your error message was never \def'ed. If you have
misspelled it (e.g., `\hobx'), type `I' and the correct
spelling (e.g., `I\hbox'). Otherwise just continue,
and I'll forget about whatever was undefined.

[7]
c:/Users/Chris/Documents/MATH 20C/TexProjects/Week4/Week 4.tex:284: Undefined control sequence.
l.284 \end{bmatrix}\qquadD
                          \vec{g}(1,1)=\begin{bmatrix}
The control sequence at the end of the top line
of your error message was never \def'ed. If you have
misspelled it (e.g., `\hobx'), type `I' and the correct
spelling (e.g., `I\hbox'). Otherwise just continue,
and I'll forget about whatever was undefined.

[8] ("c:/Users\Chris\Documents\MATH 20C\TexProjects\Week4\Week 4.aux")

LaTeX Warning: Label(s) may have changed. Rerun to get cross-references right.

 ) 
Here is how much of TeX's memory you used:
 13518 strings out of 492452
 250891 string characters out of 3129807
 298583 words of memory out of 3000000
 17796 multiletter control sequences out of 15000+200000
 540547 words of font info for 56 fonts, out of 3000000 for 9000
 1141 hyphenation exceptions out of 8191
 46i,14n,67p,327b,317s stack positions out of 5000i,500n,10000p,200000b,50000s
<C:/Program Files/MiKTeX 2.9/fonts/type1/public/amsfonts/cm/cmbx10.pfb><C:/Program Files/MiKTeX 2.9/fonts/type1/public/amsfonts/cm/cmbx12.pfb><C:/Program Files/MiKTeX 2.9/fonts/type1/public/amsfonts/cm/cmex10.pfb><C:/Program Files/MiKTeX 2.9/fonts/type1/public/amsfonts/cm/cmmi10.pfb><C:/Program Files/MiKTeX 2.9/fonts/type1/public/amsfonts/cm/cmmi7.pfb><C:/Program Files/MiKTeX 2.9/fonts/type1/public/amsfonts/cm/cmr10.pfb><C:/Program Files/MiKTeX 2.9/fonts/type1/public/amsfonts/cm/cmr12.pfb><C:/Program Files/MiKTeX 2.9/fonts/type1/public/amsfonts/cm/cmr17.pfb><C:/Program Files/MiKTeX 2.9/fonts/type1/public/amsfonts/cm/cmr5.pfb><C:/Program Files/MiKTeX 2.9/fonts/type1/public/amsfonts/cm/cmr7.pfb><C:/Program Files/MiKTeX 2.9/fonts/type1/public/amsfonts/cm/cmsy10.pfb><C:/Program Files/MiKTeX 2.9/fonts/type1/public/amsfonts/cm/cmsy7.pfb><C:/Program Files/MiKTeX 2.9/fonts/type1/public/amsfonts/cm/cmti10.pfb><C:/Program Files/MiKTeX 2.9/fonts/type1/public/amsfonts/symbols/msbm10.pfb>
Output written on "c:/Users\Chris\Documents\MATH 20C\TexProjects\Week4\Week 4.pdf" (8 pages, 329912 bytes).
PDF statistics:
 92 PDF objects out of 1000 (max. 8388607)
 0 named destinations out of 1000 (max. 500000)
 26 words of extra memory for PDF output out of 10000 (max. 10000000)

